<!DOCTYPE html>
<html>
<head>
<meta http-equiv="Content-Type" content="text/html; charset=utf-8"/>
<meta http-equiv="x-ua-compatible" content="IE=edge"/>
<title>Test results - Class RunCucumberTest</title>
<link href="../css/base-style.css" rel="stylesheet" type="text/css"/>
<link href="../css/style.css" rel="stylesheet" type="text/css"/>
<script src="../js/report.js" type="text/javascript"></script>
</head>
<body>
<div id="content">
<h1>Class RunCucumberTest</h1>
<div class="breadcrumbs">
<a href="../index.html">all</a> &gt; 
<a href="../packages/default-package.html">default-package</a> &gt; RunCucumberTest</div>
<div id="summary">
<table>
<tr>
<td>
<div class="summaryGroup">
<table>
<tr>
<td>
<div class="infoBox" id="tests">
<div class="counter">10</div>
<p>tests</p>
</div>
</td>
<td>
<div class="infoBox" id="failures">
<div class="counter">1</div>
<p>failures</p>
</div>
</td>
<td>
<div class="infoBox" id="ignored">
<div class="counter">0</div>
<p>ignored</p>
</div>
</td>
<td>
<div class="infoBox" id="duration">
<div class="counter">45.084s</div>
<p>duration</p>
</div>
</td>
</tr>
</table>
</div>
</td>
<td>
<div class="infoBox failures" id="successRate">
<div class="percent">90%</div>
<p>successful</p>
</div>
</td>
</tr>
</table>
</div>
<div id="tabs">
<ul class="tabLinks">
<li>
<a href="#tab0">Failed tests</a>
</li>
<li>
<a href="#tab1">Tests</a>
</li>
<li>
<a href="#tab2">Standard output</a>
</li>
<li>
<a href="#tab3">Standard error</a>
</li>
</ul>
<div id="tab0" class="tab">
<h2>Failed tests</h2>
<div class="test">
<a name="Example #1.2"></a>
<h3 class="failures">Example #1.2</h3>
<span class="code">
<pre>org.openqa.selenium.TimeoutException: Expected condition failed: waiting for visibility of Proxy element for: DefaultElementLocator 'By.xpath: //span[@data-test=&quot;title&quot;]' (tried for 5 second(s) with 500 milliseconds interval)
	at app//org.openqa.selenium.support.ui.WebDriverWait.timeoutException(WebDriverWait.java:84)
	at app//org.openqa.selenium.support.ui.FluentWait.until(FluentWait.java:228)
	at app//utils.ExplicitWaitManager.waitUntilBeVisible(ExplicitWaitManager.java:23)
	at app//pages.BasePage.getText(BasePage.java:34)
	at app//pages.HomePage.getProductText(HomePage.java:19)
	at app//steps.LoginTest.userRedirectToProductsPage(LoginTest.java:32)
	at ✽.the user should see the home page with the products(classpath:features/Login.feature:7)
Caused by: org.openqa.selenium.NoSuchElementException: no such element: Unable to locate element: {&quot;method&quot;:&quot;xpath&quot;,&quot;selector&quot;:&quot;//span[@data-test=&quot;title&quot;]&quot;}
  (Session info: chrome=138.0.7204.184)
For documentation on this error, please visit: https://www.selenium.dev/documentation/webdriver/troubleshooting/errors#no-such-element-exception
Build info: version: '4.34.0', revision: '707dcb4246*'
System info: os.name: 'Windows 11', os.arch: 'amd64', os.version: '10.0', java.version: '17.0.10'
Driver info: org.openqa.selenium.chrome.ChromeDriver
Command: [333768e143b7e4732fd4c52606c7f085, findElement {value=//span[@data-test=&quot;title&quot;], using=xpath}]
Capabilities {acceptInsecureCerts: false, browserName: chrome, browserVersion: 138.0.7204.184, chrome: {chromedriverVersion: 138.0.7204.183 (e90faf484dd..., userDataDir: C:\Users\azrae\AppData\Loca...}, fedcm:accounts: true, goog:chromeOptions: {debuggerAddress: localhost:63180}, networkConnectionEnabled: false, pageLoadStrategy: normal, platformName: windows, proxy: Proxy(), se:cdp: ws://localhost:63180/devtoo..., se:cdpVersion: 138.0.7204.184, setWindowRect: true, strictFileInteractability: false, timeouts: {implicit: 0, pageLoad: 300000, script: 30000}, unhandledPromptBehavior: dismiss and notify, webauthn:extension:credBlob: true, webauthn:extension:largeBlob: true, webauthn:extension:minPinLength: true, webauthn:extension:prf: true, webauthn:virtualAuthenticators: true}
Session ID: 333768e143b7e4732fd4c52606c7f085
	at java.base@17.0.10/java.lang.reflect.Constructor.newInstanceWithCaller(Constructor.java:499)
	at java.base@17.0.10/java.lang.reflect.Constructor.newInstance(Constructor.java:480)
	at app//org.openqa.selenium.remote.ErrorCodec.decode(ErrorCodec.java:167)
	at app//org.openqa.selenium.remote.codec.w3c.W3CHttpResponseCodec.decode(W3CHttpResponseCodec.java:138)
	at app//org.openqa.selenium.remote.codec.w3c.W3CHttpResponseCodec.decode(W3CHttpResponseCodec.java:50)
	at app//org.openqa.selenium.remote.HttpCommandExecutor.execute(HttpCommandExecutor.java:215)
	at app//org.openqa.selenium.remote.service.DriverCommandExecutor.invokeExecute(DriverCommandExecutor.java:216)
	at app//org.openqa.selenium.remote.service.DriverCommandExecutor.execute(DriverCommandExecutor.java:174)
	at app//org.openqa.selenium.remote.RemoteWebDriver.execute(RemoteWebDriver.java:544)
	at app//org.openqa.selenium.remote.ElementLocation$ElementFinder$2.findElement(ElementLocation.java:165)
	at app//org.openqa.selenium.remote.ElementLocation.findElement(ElementLocation.java:59)
	at app//org.openqa.selenium.remote.RemoteWebDriver.findElement(RemoteWebDriver.java:367)
	at app//org.openqa.selenium.remote.RemoteWebDriver.findElement(RemoteWebDriver.java:361)
	at app//org.openqa.selenium.support.pagefactory.DefaultElementLocator.findElement(DefaultElementLocator.java:68)
	at app//org.openqa.selenium.support.pagefactory.internal.LocatingElementHandler.invoke(LocatingElementHandler.java:38)
	at app/jdk.proxy3/jdk.proxy3.$Proxy26.isDisplayed(Unknown Source)
	at app//org.openqa.selenium.support.ui.ExpectedConditions.elementIfVisible(ExpectedConditions.java:304)
	at app//org.openqa.selenium.support.ui.ExpectedConditions$10.apply(ExpectedConditions.java:290)
	at app//org.openqa.selenium.support.ui.ExpectedConditions$10.apply(ExpectedConditions.java:287)
	at app//org.openqa.selenium.support.ui.FluentWait.until(FluentWait.java:203)
	... 5 more
</pre>
</span>
</div>
</div>
<div id="tab1" class="tab">
<h2>Tests</h2>
<table>
<thead>
<tr>
<th>Test</th>
<th>Duration</th>
<th>Result</th>
</tr>
</thead>
<tr>
<td class="success">Example #1.1</td>
<td class="success">4.139s</td>
<td class="success">passed</td>
</tr>
<tr>
<td class="success">Example #1.1</td>
<td class="success">3.367s</td>
<td class="success">passed</td>
</tr>
<tr>
<td class="success">Example #1.2</td>
<td class="success">3.362s</td>
<td class="success">passed</td>
</tr>
<tr>
<td class="failures">Example #1.2</td>
<td class="failures">9.148s</td>
<td class="failures">failed</td>
</tr>
<tr>
<td class="success">Example #1.3</td>
<td class="success">3.414s</td>
<td class="success">passed</td>
</tr>
<tr>
<td class="success">Example #1.3</td>
<td class="success">3.394s</td>
<td class="success">passed</td>
</tr>
<tr>
<td class="success">Example #1.4</td>
<td class="success">8.428s</td>
<td class="success">passed</td>
</tr>
<tr>
<td class="success">Example #1.5</td>
<td class="success">3.439s</td>
<td class="success">passed</td>
</tr>
<tr>
<td class="success">Example #1.6</td>
<td class="success">3.427s</td>
<td class="success">passed</td>
</tr>
<tr>
<td class="success">Getting the response from ML url</td>
<td class="success">2.966s</td>
<td class="success">passed</td>
</tr>
</table>
</div>
<div id="tab2" class="tab">
<h2>Standard output</h2>
<span class="code">
<pre>
@loginSuccess
?[1mScenario Outline:?[22m Login with correct credentials             ?[90m# classpath:features/Login.feature:11?[39m
  ?[32m✔?[39m ?[32m?[1mGiven ?[22ma user, goes to the login page?[39m                     ?[90m# steps.LoginTest.goToLoginPage()?[39m
  ?[32m✔?[39m ?[32m?[1mWhen ?[22mthe user enters ?[1m&quot;standard_user&quot;?[22m and ?[1m&quot;secret_sauce&quot;?[22m?[39m  ?[90m# steps.LoginTest.userEnterUserAndPass(java.lang.String,java.lang.String)?[39m
  ?[32m✔?[39m ?[32m?[1mThen ?[22mthe user should see the home page with the products?[39m ?[90m# steps.LoginTest.userRedirectToProductsPage()?[39m

@loginSuccess
?[1mScenario Outline:?[22m Login with correct credentials              ?[90m# classpath:features/Login.feature:12?[39m
  ?[32m✔?[39m ?[32m?[1mGiven ?[22ma user, goes to the login page?[39m                      ?[90m# steps.LoginTest.goToLoginPage()?[39m
  ?[32m✔?[39m ?[32m?[1mWhen ?[22mthe user enters ?[1m&quot;locked_out_user&quot;?[22m and ?[1m&quot;secret_sauce&quot;?[22m?[39m ?[90m# steps.LoginTest.userEnterUserAndPass(java.lang.String,java.lang.String)?[39m
  ?[31m✘?[39m ?[31m?[1mThen ?[22mthe user should see the home page with the products?[39m  ?[90m# steps.LoginTest.userRedirectToProductsPage()?[39m
        ?[31morg.openqa.selenium.TimeoutException: Expected condition failed: waiting for visibility of Proxy element for: DefaultElementLocator 'By.xpath: //span[@data-test=&quot;title&quot;]' (tried for 5 second(s) with 500 milliseconds interval)?[39m
        ?[31m	at org.openqa.selenium.support.ui.WebDriverWait.timeoutException(WebDriverWait.java:84)?[39m
        ?[31m	at org.openqa.selenium.support.ui.FluentWait.until(FluentWait.java:228)?[39m
        ?[31m	at utils.ExplicitWaitManager.waitUntilBeVisible(ExplicitWaitManager.java:23)?[39m
        ?[31m	at pages.BasePage.getText(BasePage.java:34)?[39m
        ?[31m	at pages.HomePage.getProductText(HomePage.java:19)?[39m
        ?[31m	at steps.LoginTest.userRedirectToProductsPage(LoginTest.java:32)?[39m
        ?[31m	at ✽.the user should see the home page with the products(classpath:features/Login.feature:7)?[39m
        ?[31mCaused by: org.openqa.selenium.NoSuchElementException: no such element: Unable to locate element: {&quot;method&quot;:&quot;xpath&quot;,&quot;selector&quot;:&quot;//span[@data-test=&quot;title&quot;]&quot;}?[39m
        ?[31m  (Session info: chrome=138.0.7204.184)?[39m
        ?[31mFor documentation on this error, please visit: https://www.selenium.dev/documentation/webdriver/troubleshooting/errors#no-such-element-exception?[39m
        ?[31mBuild info: version: '4.34.0', revision: '707dcb4246*'?[39m
        ?[31mSystem info: os.name: 'Windows 11', os.arch: 'amd64', os.version: '10.0', java.version: '17.0.10'?[39m
        ?[31mDriver info: org.openqa.selenium.chrome.ChromeDriver?[39m
        ?[31mCommand: [333768e143b7e4732fd4c52606c7f085, findElement {value=//span[@data-test=&quot;title&quot;], using=xpath}]?[39m
        ?[31mCapabilities {acceptInsecureCerts: false, browserName: chrome, browserVersion: 138.0.7204.184, chrome: {chromedriverVersion: 138.0.7204.183 (e90faf484dd..., userDataDir: C:\Users\azrae\AppData\Loca...}, fedcm:accounts: true, goog:chromeOptions: {debuggerAddress: localhost:63180}, networkConnectionEnabled: false, pageLoadStrategy: normal, platformName: windows, proxy: Proxy(), se:cdp: ws://localhost:63180/devtoo..., se:cdpVersion: 138.0.7204.184, setWindowRect: true, strictFileInteractability: false, timeouts: {implicit: 0, pageLoad: 300000, script: 30000}, unhandledPromptBehavior: dismiss and notify, webauthn:extension:credBlob: true, webauthn:extension:largeBlob: true, webauthn:extension:minPinLength: true, webauthn:extension:prf: true, webauthn:virtualAuthenticators: true}?[39m
        ?[31mSession ID: 333768e143b7e4732fd4c52606c7f085?[39m
        ?[31m	at java.base/jdk.internal.reflect.NativeConstructorAccessorImpl.newInstance0(Native Method)?[39m
        ?[31m	at java.base/jdk.internal.reflect.NativeConstructorAccessorImpl.newInstance(NativeConstructorAccessorImpl.java:77)?[39m
        ?[31m	at java.base/jdk.internal.reflect.DelegatingConstructorAccessorImpl.newInstance(DelegatingConstructorAccessorImpl.java:45)?[39m
        ?[31m	at java.base/java.lang.reflect.Constructor.newInstanceWithCaller(Constructor.java:499)?[39m
        ?[31m	at java.base/java.lang.reflect.Constructor.newInstance(Constructor.java:480)?[39m
        ?[31m	at org.openqa.selenium.remote.ErrorCodec.decode(ErrorCodec.java:167)?[39m
        ?[31m	at org.openqa.selenium.remote.codec.w3c.W3CHttpResponseCodec.decode(W3CHttpResponseCodec.java:138)?[39m
        ?[31m	at org.openqa.selenium.remote.codec.w3c.W3CHttpResponseCodec.decode(W3CHttpResponseCodec.java:50)?[39m
        ?[31m	at org.openqa.selenium.remote.HttpCommandExecutor.execute(HttpCommandExecutor.java:215)?[39m
        ?[31m	at org.openqa.selenium.remote.service.DriverCommandExecutor.invokeExecute(DriverCommandExecutor.java:216)?[39m
        ?[31m	at org.openqa.selenium.remote.service.DriverCommandExecutor.execute(DriverCommandExecutor.java:174)?[39m
        ?[31m	at org.openqa.selenium.remote.RemoteWebDriver.execute(RemoteWebDriver.java:544)?[39m
        ?[31m	at org.openqa.selenium.remote.ElementLocation$ElementFinder$2.findElement(ElementLocation.java:165)?[39m
        ?[31m	at org.openqa.selenium.remote.ElementLocation.findElement(ElementLocation.java:59)?[39m
        ?[31m	at org.openqa.selenium.remote.RemoteWebDriver.findElement(RemoteWebDriver.java:367)?[39m
        ?[31m	at org.openqa.selenium.remote.RemoteWebDriver.findElement(RemoteWebDriver.java:361)?[39m
        ?[31m	at org.openqa.selenium.support.pagefactory.DefaultElementLocator.findElement(DefaultElementLocator.java:68)?[39m
        ?[31m	at org.openqa.selenium.support.pagefactory.internal.LocatingElementHandler.invoke(LocatingElementHandler.java:38)?[39m
        ?[31m	at jdk.proxy3/jdk.proxy3.$Proxy26.isDisplayed(Unknown Source)?[39m
        ?[31m	at org.openqa.selenium.support.ui.ExpectedConditions.elementIfVisible(ExpectedConditions.java:304)?[39m
        ?[31m	at org.openqa.selenium.support.ui.ExpectedConditions$10.apply(ExpectedConditions.java:290)?[39m
        ?[31m	at org.openqa.selenium.support.ui.ExpectedConditions$10.apply(ExpectedConditions.java:287)?[39m
        ?[31m	at org.openqa.selenium.support.ui.FluentWait.until(FluentWait.java:203)?[39m
        ?[31m	... 5 more?[39m

        ?[34mEmbedding Failed Screenshot [image/png 41469 bytes]?[39m


@loginSuccess
?[1mScenario Outline:?[22m Login with correct credentials             ?[90m# classpath:features/Login.feature:13?[39m
  ?[32m✔?[39m ?[32m?[1mGiven ?[22ma user, goes to the login page?[39m                     ?[90m# steps.LoginTest.goToLoginPage()?[39m
  ?[32m✔?[39m ?[32m?[1mWhen ?[22mthe user enters ?[1m&quot;problem_user&quot;?[22m and ?[1m&quot;secret_sauce&quot;?[22m?[39m   ?[90m# steps.LoginTest.userEnterUserAndPass(java.lang.String,java.lang.String)?[39m
  ?[32m✔?[39m ?[32m?[1mThen ?[22mthe user should see the home page with the products?[39m ?[90m# steps.LoginTest.userRedirectToProductsPage()?[39m

@loginSuccess
?[1mScenario Outline:?[22m Login with correct credentials                      ?[90m# classpath:features/Login.feature:14?[39m
  ?[32m✔?[39m ?[32m?[1mGiven ?[22ma user, goes to the login page?[39m                              ?[90m# steps.LoginTest.goToLoginPage()?[39m
  ?[32m✔?[39m ?[32m?[1mWhen ?[22mthe user enters ?[1m&quot;performance_glitch_user&quot;?[22m and ?[1m&quot;secret_sauce&quot;?[22m?[39m ?[90m# steps.LoginTest.userEnterUserAndPass(java.lang.String,java.lang.String)?[39m
  ?[32m✔?[39m ?[32m?[1mThen ?[22mthe user should see the home page with the products?[39m          ?[90m# steps.LoginTest.userRedirectToProductsPage()?[39m

@loginSuccess
?[1mScenario Outline:?[22m Login with correct credentials             ?[90m# classpath:features/Login.feature:15?[39m
  ?[32m✔?[39m ?[32m?[1mGiven ?[22ma user, goes to the login page?[39m                     ?[90m# steps.LoginTest.goToLoginPage()?[39m
  ?[32m✔?[39m ?[32m?[1mWhen ?[22mthe user enters ?[1m&quot;error_user&quot;?[22m and ?[1m&quot;secret_sauce&quot;?[22m?[39m     ?[90m# steps.LoginTest.userEnterUserAndPass(java.lang.String,java.lang.String)?[39m
  ?[32m✔?[39m ?[32m?[1mThen ?[22mthe user should see the home page with the products?[39m ?[90m# steps.LoginTest.userRedirectToProductsPage()?[39m

@loginSuccess
?[1mScenario Outline:?[22m Login with correct credentials             ?[90m# classpath:features/Login.feature:16?[39m
  ?[32m✔?[39m ?[32m?[1mGiven ?[22ma user, goes to the login page?[39m                     ?[90m# steps.LoginTest.goToLoginPage()?[39m
  ?[32m✔?[39m ?[32m?[1mWhen ?[22mthe user enters ?[1m&quot;visual_user&quot;?[22m and ?[1m&quot;secret_sauce&quot;?[22m?[39m    ?[90m# steps.LoginTest.userEnterUserAndPass(java.lang.String,java.lang.String)?[39m
  ?[32m✔?[39m ?[32m?[1mThen ?[22mthe user should see the home page with the products?[39m ?[90m# steps.LoginTest.userRedirectToProductsPage()?[39m

@loginFail
?[1mScenario Outline:?[22m Login with placeholders empty                                              ?[90m# classpath:features/Login.feature:26?[39m
  ?[32m✔?[39m ?[32m?[1mGiven ?[22ma user, goes to the login page?[39m                                                     ?[90m# steps.LoginTest.goToLoginPage()?[39m
  ?[32m✔?[39m ?[32m?[1mWhen ?[22mthe user enters ?[1m&quot;&quot;?[22m and ?[1m&quot;&quot;?[22m?[39m                                                           ?[90m# steps.LoginTest.userEnterUserAndPass(java.lang.String,java.lang.String)?[39m
  ?[32m✔?[39m ?[32m?[1mThen ?[22mthe user should see an alert message that said ?[1m&quot;Epic sadface: Username is required&quot;?[22m?[39m ?[90m# steps.LoginTest.userReceiveALoginErrorMessage(java.lang.String)?[39m

@loginFail
?[1mScenario Outline:?[22m Login with placeholders empty                                              ?[90m# classpath:features/Login.feature:27?[39m
  ?[32m✔?[39m ?[32m?[1mGiven ?[22ma user, goes to the login page?[39m                                                     ?[90m# steps.LoginTest.goToLoginPage()?[39m
  ?[32m✔?[39m ?[32m?[1mWhen ?[22mthe user enters ?[1m&quot;standard_user&quot;?[22m and ?[1m&quot;&quot;?[22m?[39m                                              ?[90m# steps.LoginTest.userEnterUserAndPass(java.lang.String,java.lang.String)?[39m
  ?[32m✔?[39m ?[32m?[1mThen ?[22mthe user should see an alert message that said ?[1m&quot;Epic sadface: Password is required&quot;?[22m?[39m ?[90m# steps.LoginTest.userReceiveALoginErrorMessage(java.lang.String)?[39m

@loginFail
?[1mScenario Outline:?[22m Login with placeholders empty                                              ?[90m# classpath:features/Login.feature:28?[39m
  ?[32m✔?[39m ?[32m?[1mGiven ?[22ma user, goes to the login page?[39m                                                     ?[90m# steps.LoginTest.goToLoginPage()?[39m
  ?[32m✔?[39m ?[32m?[1mWhen ?[22mthe user enters ?[1m&quot;&quot;?[22m and ?[1m&quot;secret_sauce&quot;?[22m?[39m                                               ?[90m# steps.LoginTest.userEnterUserAndPass(java.lang.String,java.lang.String)?[39m
  ?[32m✔?[39m ?[32m?[1mThen ?[22mthe user should see an alert message that said ?[1m&quot;Epic sadface: Username is required&quot;?[22m?[39m ?[90m# steps.LoginTest.userReceiveALoginErrorMessage(java.lang.String)?[39m

@MLService
?[1mScenario:?[22m Getting the response from ML url                 ?[90m# classpath:features/ML.feature:4?[39m
  ?[32m✔?[39m ?[32m?[1mGiven ?[22ma user, goes to the ML url?[39m                       ?[90m# steps.MLTest.setTheUrlService()?[39m
  ?[32m✔?[39m ?[32m?[1mWhen ?[22mthe user receive the response from the page?[39m       ?[90m# steps.MLTest.GetTheServiceResponse()?[39m
First department found: Tecnología
  ?[32m✔?[39m ?[32m?[1mThen ?[22mthe user should see the departments options in it?[39m ?[90m# steps.MLTest.validateDepartmentElements()?[39m
</pre>
</span>
</div>
<div id="tab3" class="tab">
<h2>Standard error</h2>
<span class="code">
<pre>SLF4J(W): No SLF4J providers were found.
SLF4J(W): Defaulting to no-operation (NOP) logger implementation
SLF4J(W): See https://www.slf4j.org/codes.html#noProviders for further details.
ago. 01, 2025 1:19:29 P. M. org.junit.platform.launcher.core.DiscoveryIssueNotifier logIssues
WARNING: TestEngine with ID 'cucumber' encountered a non-critical issue during test discovery:

(1) [WARNING] The classpath resource selector 'features' should not be used to select features in a package. Use the package selector with 'features' instead
</pre>
</span>
</div>
</div>
<div id="footer">
<p>
<div>
<label class="hidden" id="label-for-line-wrapping-toggle" for="line-wrapping-toggle">Wrap lines
<input id="line-wrapping-toggle" type="checkbox" autocomplete="off"/>
</label>
</div>Generated by 
<a href="http://www.gradle.org">Gradle 8.0</a> at 1 ago. 2025 13:19:30</p>
</div>
</div>
</body>
</html>
